[2020-08-17T10:37:13.816] [DEBUG] cheese - login => username:zhangshaui,password:123456
[2020-08-17T10:37:13.818] [DEBUG] cheese - zhangshaui
[2020-08-17T10:37:13.906] [DEBUG] cheese - null
[2020-08-17T10:37:13.907] [DEBUG] cheese - null
[2020-08-17T10:37:51.183] [DEBUG] cheese - login => username:admin,password:123456
[2020-08-17T10:37:51.184] [DEBUG] cheese - admin
[2020-08-17T10:37:51.188] [DEBUG] cheese - null
[2020-08-17T10:37:51.188] [DEBUG] cheese - null
[2020-08-18T08:03:10.335] [DEBUG] cheese - login => username:admin,password:123456
[2020-08-18T08:03:10.336] [DEBUG] cheese - admin
[2020-08-18T08:03:10.430] [DEBUG] cheese - null
[2020-08-18T08:03:10.431] [DEBUG] cheese - null
[2020-08-18T08:03:10.529] [DEBUG] cheese - login => username:admin,password:123456
[2020-08-18T08:03:10.529] [DEBUG] cheese - admin
[2020-08-18T08:03:10.533] [DEBUG] cheese - null
[2020-08-18T08:03:10.533] [DEBUG] cheese - null
[2020-08-18T08:03:10.665] [DEBUG] cheese - login => username:admin,password:123456
[2020-08-18T08:03:10.665] [DEBUG] cheese - admin
[2020-08-18T08:03:10.666] [DEBUG] cheese - null
[2020-08-18T08:03:10.667] [DEBUG] cheese - null
[2020-08-18T08:03:53.510] [DEBUG] cheese - login => username:admin,password:123456
[2020-08-18T08:03:53.510] [DEBUG] cheese - admin
[2020-08-18T08:03:53.512] [DEBUG] cheese - null
[2020-08-18T08:03:53.512] [DEBUG] cheese - null
[2020-08-18T08:04:50.225] [DEBUG] cheese - login => username:sdfds,password:sfdsfsfdd
[2020-08-18T08:04:50.225] [DEBUG] cheese - sdfds
[2020-08-18T08:04:50.226] [DEBUG] cheese - null
[2020-08-18T08:04:50.227] [DEBUG] cheese - null
[2020-08-18T08:05:05.655] [DEBUG] cheese - login => username:sdfdsf,password:sfdsfdsfsd
[2020-08-18T08:05:05.655] [DEBUG] cheese - sdfdsf
[2020-08-18T08:05:05.657] [DEBUG] cheese - null
[2020-08-18T08:05:05.657] [DEBUG] cheese - null
[2020-08-18T08:07:41.295] [DEBUG] cheese - login => username:sdfdsf,password:sfdsfsdgds
[2020-08-18T08:07:41.295] [DEBUG] cheese - sdfdsf
[2020-08-18T08:07:41.299] [DEBUG] cheese - null
[2020-08-18T08:07:41.299] [DEBUG] cheese - null
[2020-08-18T08:07:43.562] [DEBUG] cheese - login => username:sdfdsf,password:sfdsfsdgds
[2020-08-18T08:07:43.562] [DEBUG] cheese - sdfdsf
[2020-08-18T08:07:43.563] [DEBUG] cheese - null
[2020-08-18T08:07:43.563] [DEBUG] cheese - null
[2020-08-18T08:07:54.677] [DEBUG] cheese - login => username:sdfd,password:sdfdsfdsf
[2020-08-18T08:07:54.678] [DEBUG] cheese - sdfd
[2020-08-18T08:07:54.679] [DEBUG] cheese - null
[2020-08-18T08:07:54.679] [DEBUG] cheese - null
[2020-08-18T08:08:02.839] [DEBUG] cheese - login => username:admin,password:123456
[2020-08-18T08:08:02.839] [DEBUG] cheese - admin
[2020-08-18T08:08:02.841] [DEBUG] cheese - null
[2020-08-18T08:08:02.841] [DEBUG] cheese - null
[2020-08-18T08:08:04.706] [DEBUG] cheese - login => username:admin,password:123456
[2020-08-18T08:08:04.706] [DEBUG] cheese - admin
[2020-08-18T08:08:04.708] [DEBUG] cheese - null
[2020-08-18T08:08:04.708] [DEBUG] cheese - null
[2020-08-18T08:08:05.593] [DEBUG] cheese - login => username:admin,password:123456
[2020-08-18T08:08:05.593] [DEBUG] cheese - admin
[2020-08-18T08:08:05.595] [DEBUG] cheese - null
[2020-08-18T08:08:05.595] [DEBUG] cheese - null
[2020-08-18T08:08:17.446] [DEBUG] cheese - login => username:admin,password:123456
[2020-08-18T08:08:17.447] [DEBUG] cheese - admin
[2020-08-18T08:08:17.449] [DEBUG] cheese - null
[2020-08-18T08:08:17.449] [DEBUG] cheese - null
[2020-08-18T08:09:03.155] [DEBUG] cheese - login => username:sfds,password:123456
[2020-08-18T08:09:03.155] [DEBUG] cheese - sfds
[2020-08-18T08:09:03.157] [DEBUG] cheese - null
[2020-08-18T08:09:03.157] [DEBUG] cheese - null
[2020-08-18T08:09:06.891] [DEBUG] cheese - login => username:admin,password:123456
[2020-08-18T08:09:06.891] [DEBUG] cheese - admin
[2020-08-18T08:09:06.893] [DEBUG] cheese - null
[2020-08-18T08:09:06.893] [DEBUG] cheese - null
[2020-08-18T08:15:07.649] [DEBUG] cheese - login => username:admin,password:123456
[2020-08-18T08:15:07.649] [DEBUG] cheese - admin
[2020-08-18T08:15:07.654] [DEBUG] cheese - null
[2020-08-18T08:15:07.654] [DEBUG] cheese - null
[2020-08-18T08:16:32.303] [DEBUG] cheese - login => username:admin,password:123456
[2020-08-18T08:16:32.304] [DEBUG] cheese - admin
[2020-08-18T08:16:32.305] [DEBUG] cheese - null
[2020-08-18T08:16:32.305] [DEBUG] cheese - null
[2020-08-18T08:16:33.259] [DEBUG] cheese - login => username:admin,password:123456
[2020-08-18T08:16:33.259] [DEBUG] cheese - admin
[2020-08-18T08:16:33.261] [DEBUG] cheese - null
[2020-08-18T08:16:33.261] [DEBUG] cheese - null
[2020-08-18T08:16:40.279] [DEBUG] cheese - login => username:admin,password:123456
[2020-08-18T08:16:40.279] [DEBUG] cheese - admin
[2020-08-18T08:16:40.281] [DEBUG] cheese - null
[2020-08-18T08:16:40.282] [DEBUG] cheese - null
[2020-08-18T08:16:40.620] [DEBUG] cheese - login => username:admin,password:123456
[2020-08-18T08:16:40.620] [DEBUG] cheese - admin
[2020-08-18T08:16:40.622] [DEBUG] cheese - null
[2020-08-18T08:16:40.622] [DEBUG] cheese - null
[2020-08-18T08:16:45.962] [DEBUG] cheese - login => username:adf,password:sdfdsdg
[2020-08-18T08:16:45.962] [DEBUG] cheese - adf
[2020-08-18T08:16:45.964] [DEBUG] cheese - null
[2020-08-18T08:16:45.965] [DEBUG] cheese - null
[2020-08-18T08:16:50.443] [DEBUG] cheese - login => username:adf,password:sdfdsdg
[2020-08-18T08:16:50.443] [DEBUG] cheese - adf
[2020-08-18T08:16:50.444] [DEBUG] cheese - null
[2020-08-18T08:16:50.445] [DEBUG] cheese - null
[2020-08-18T08:16:53.488] [DEBUG] cheese - login => username:adfsdf,password:sdfdsdg
[2020-08-18T08:16:53.488] [DEBUG] cheese - adfsdf
[2020-08-18T08:16:53.490] [DEBUG] cheese - null
[2020-08-18T08:16:53.490] [DEBUG] cheese - null
[2020-08-18T08:16:53.996] [DEBUG] cheese - login => username:adfsdf,password:sdfdsdg
[2020-08-18T08:16:53.996] [DEBUG] cheese - adfsdf
[2020-08-18T08:16:53.998] [DEBUG] cheese - null
[2020-08-18T08:16:53.998] [DEBUG] cheese - null
[2020-08-18T08:16:54.251] [DEBUG] cheese - login => username:adfsdf,password:sdfdsdg
[2020-08-18T08:16:54.251] [DEBUG] cheese - adfsdf
[2020-08-18T08:16:54.252] [DEBUG] cheese - null
[2020-08-18T08:16:54.252] [DEBUG] cheese - null
[2020-08-18T08:17:45.386] [DEBUG] cheese - login => username:admin,password:123sdfdsf
[2020-08-18T08:17:45.386] [DEBUG] cheese - admin
[2020-08-18T08:17:45.388] [DEBUG] cheese - null
[2020-08-18T08:17:45.388] [DEBUG] cheese - null
[2020-08-18T08:17:57.783] [DEBUG] cheese - login => username:admin,password:123sdfdsf
[2020-08-18T08:17:57.784] [DEBUG] cheese - admin
[2020-08-18T08:17:57.785] [DEBUG] cheese - null
[2020-08-18T08:17:57.785] [DEBUG] cheese - null
[2020-08-18T08:17:58.684] [DEBUG] cheese - login => username:admin,password:123sdfdsf
[2020-08-18T08:17:58.684] [DEBUG] cheese - admin
[2020-08-18T08:17:58.686] [DEBUG] cheese - null
[2020-08-18T08:17:58.686] [DEBUG] cheese - null
[2020-08-18T08:17:58.899] [DEBUG] cheese - login => username:admin,password:123sdfdsf
[2020-08-18T08:17:58.899] [DEBUG] cheese - admin
[2020-08-18T08:17:58.901] [DEBUG] cheese - null
[2020-08-18T08:17:58.901] [DEBUG] cheese - null
[2020-08-18T08:20:40.649] [DEBUG] cheese - login => username:21121,password:22112112
[2020-08-18T08:20:40.649] [DEBUG] cheese - 21121
[2020-08-18T08:20:40.655] [DEBUG] cheese - null
[2020-08-18T08:20:40.655] [DEBUG] cheese - null
[2020-08-18T08:20:41.290] [DEBUG] cheese - login => username:21121,password:22112112
[2020-08-18T08:20:41.291] [DEBUG] cheese - 21121
[2020-08-18T08:20:41.292] [DEBUG] cheese - null
[2020-08-18T08:20:41.292] [DEBUG] cheese - null
[2020-08-18T08:21:06.815] [DEBUG] cheese - login => username:admin,password:123456
[2020-08-18T08:21:06.815] [DEBUG] cheese - admin
[2020-08-18T08:21:06.817] [DEBUG] cheese - null
[2020-08-18T08:21:06.817] [DEBUG] cheese - null
[2020-08-18T08:21:12.511] [DEBUG] cheese - login => username:admin,password:123456
[2020-08-18T08:21:12.511] [DEBUG] cheese - admin
[2020-08-18T08:21:12.514] [DEBUG] cheese - null
[2020-08-18T08:21:12.514] [DEBUG] cheese - null
[2020-08-18T08:22:29.055] [DEBUG] cheese - login => username:admin,password:123456
[2020-08-18T08:22:29.055] [DEBUG] cheese - admin
[2020-08-18T08:22:29.057] [DEBUG] cheese - null
[2020-08-18T08:22:29.057] [DEBUG] cheese - null
[2020-08-18T08:24:40.873] [DEBUG] cheese - login => username:admin,password:aaaaaa
[2020-08-18T08:24:40.873] [DEBUG] cheese - admin
[2020-08-18T08:24:40.877] [DEBUG] cheese - null
[2020-08-18T08:24:40.877] [DEBUG] cheese - null
[2020-08-18T08:24:45.243] [DEBUG] cheese - login => username:admin,password:123456
[2020-08-18T08:24:45.243] [DEBUG] cheese - admin
[2020-08-18T08:24:45.245] [DEBUG] cheese - null
[2020-08-18T08:24:45.245] [DEBUG] cheese - null
[2020-08-18T08:24:52.821] [DEBUG] cheese - login => username:admin,password:123456
[2020-08-18T08:24:52.821] [DEBUG] cheese - admin
[2020-08-18T08:24:52.823] [DEBUG] cheese - null
[2020-08-18T08:24:52.823] [DEBUG] cheese - null
[2020-08-18T08:26:27.167] [DEBUG] cheese - login => username:admin,password:123456
[2020-08-18T08:26:27.168] [DEBUG] cheese - admin
[2020-08-18T08:26:27.170] [DEBUG] cheese - null
[2020-08-18T08:26:27.170] [DEBUG] cheese - null
[2020-08-18T08:29:41.871] [DEBUG] cheese - login => username:admin,password:123456
[2020-08-18T08:29:41.871] [DEBUG] cheese - admin
[2020-08-18T08:29:41.875] [DEBUG] cheese - null
[2020-08-18T08:29:41.875] [DEBUG] cheese - null
[2020-08-18T08:30:28.112] [DEBUG] cheese - login => username:admin,password:123456
[2020-08-18T08:30:28.112] [DEBUG] cheese - admin
[2020-08-18T08:30:28.114] [DEBUG] cheese - null
[2020-08-18T08:30:28.114] [DEBUG] cheese - null
[2020-08-18T08:30:58.407] [DEBUG] cheese - login => username:admin,password:123456
[2020-08-18T08:30:58.407] [DEBUG] cheese - admin
[2020-08-18T08:30:58.408] [DEBUG] cheese - null
[2020-08-18T08:30:58.409] [DEBUG] cheese - null
[2020-08-18T08:32:50.336] [DEBUG] cheese - login => username:admin,password:123456
[2020-08-18T08:32:50.336] [DEBUG] cheese - admin
[2020-08-18T08:32:50.338] [DEBUG] cheese - null
[2020-08-18T08:32:50.338] [DEBUG] cheese - null
[2020-08-18T08:33:08.553] [DEBUG] cheese - login => username:adfsdf,password:sdfsdfdsf
[2020-08-18T08:33:08.553] [DEBUG] cheese - adfsdf
[2020-08-18T08:33:08.556] [DEBUG] cheese - null
[2020-08-18T08:33:08.556] [DEBUG] cheese - null
[2020-08-18T08:33:12.730] [DEBUG] cheese - login => username:adfsdf,password:sdfsdfdsf
[2020-08-18T08:33:12.731] [DEBUG] cheese - adfsdf
[2020-08-18T08:33:12.732] [DEBUG] cheese - null
[2020-08-18T08:33:12.732] [DEBUG] cheese - null
[2020-08-18T08:34:15.911] [DEBUG] cheese - login => username:admin,password:123456
[2020-08-18T08:34:15.911] [DEBUG] cheese - admin
[2020-08-18T08:34:15.913] [DEBUG] cheese - null
[2020-08-18T08:34:15.913] [DEBUG] cheese - null
[2020-08-18T08:34:41.145] [DEBUG] cheese - login => username:admin,password:123456
[2020-08-18T08:34:41.146] [DEBUG] cheese - admin
[2020-08-18T08:34:41.147] [DEBUG] cheese - null
[2020-08-18T08:34:41.147] [DEBUG] cheese - null
[2020-08-18T08:49:50.872] [DEBUG] cheese - login => username:admin,password:123456
[2020-08-18T08:49:50.872] [DEBUG] cheese - admin
[2020-08-18T08:49:50.877] [DEBUG] cheese - null
[2020-08-18T08:49:50.877] [DEBUG] cheese - null
[2020-08-18T08:58:16.152] [DEBUG] cheese - login => username:admin,password:123456
[2020-08-18T08:58:16.152] [DEBUG] cheese - admin
[2020-08-18T08:58:16.156] [DEBUG] cheese - null
[2020-08-18T08:58:16.156] [DEBUG] cheese - null
[2020-08-18T09:06:46.242] [DEBUG] cheese - login => username:admin,password:123456
[2020-08-18T09:06:46.242] [DEBUG] cheese - admin
[2020-08-18T09:06:46.246] [DEBUG] cheese - null
[2020-08-18T09:06:46.246] [DEBUG] cheese - null
[2020-08-18T09:08:32.218] [DEBUG] cheese - login => username:admin,password:123456
[2020-08-18T09:08:32.218] [DEBUG] cheese - admin
[2020-08-18T09:08:32.220] [DEBUG] cheese - null
[2020-08-18T09:08:32.220] [DEBUG] cheese - null
[2020-08-19T08:00:58.204] [DEBUG] cheese - login => username:admin,password:123456
[2020-08-19T08:00:58.205] [DEBUG] cheese - admin
[2020-08-19T08:00:58.404] [DEBUG] cheese - null
[2020-08-19T08:00:58.404] [DEBUG] cheese - null
[2020-08-19T09:31:22.582] [DEBUG] cheese - login => username:admin,password:980913
[2020-08-19T09:31:22.583] [DEBUG] cheese - admin
[2020-08-19T09:31:22.660] [DEBUG] cheese - null
[2020-08-19T09:31:22.661] [DEBUG] cheese - null
[2020-08-19T09:31:27.798] [DEBUG] cheese - login => username:admin,password:123456
[2020-08-19T09:31:27.798] [DEBUG] cheese - admin
[2020-08-19T09:31:27.801] [DEBUG] cheese - null
[2020-08-19T09:31:27.801] [DEBUG] cheese - null
[2020-08-19T09:31:59.243] [DEBUG] cheese - login => username:admin,password:980913
[2020-08-19T09:31:59.243] [DEBUG] cheese - admin
[2020-08-19T09:31:59.245] [DEBUG] cheese - null
[2020-08-19T09:31:59.245] [DEBUG] cheese - null
[2020-08-19T09:32:03.876] [DEBUG] cheese - login => username:admin,password:123456
[2020-08-19T09:32:03.876] [DEBUG] cheese - admin
[2020-08-19T09:32:03.878] [DEBUG] cheese - null
[2020-08-19T09:32:03.878] [DEBUG] cheese - null
[2020-08-19T09:42:25.359] [DEBUG] cheese - login => username:admin,password:123456
[2020-08-19T09:42:25.359] [DEBUG] cheese - admin
[2020-08-19T09:42:25.363] [DEBUG] cheese - null
[2020-08-19T09:42:25.363] [DEBUG] cheese - null
[2020-08-20T15:13:30.310] [DEBUG] cheese - login => username:admin,password:123456
[2020-08-20T15:13:30.312] [DEBUG] cheese - admin
[2020-08-20T15:13:30.472] [DEBUG] cheese - null
[2020-08-20T15:13:30.473] [DEBUG] cheese - null
[2020-08-20T16:53:07.576] [DEBUG] cheese - login => username:admin,password:123456
[2020-08-20T16:53:07.578] [DEBUG] cheese - admin
[2020-08-20T16:53:07.639] [DEBUG] cheese - null
[2020-08-20T16:53:07.640] [DEBUG] cheese - null
[2020-08-21T06:44:41.488] [DEBUG] cheese - login => username:admin,password:123456
[2020-08-21T06:44:41.490] [DEBUG] cheese - admin
[2020-08-21T06:44:41.555] [DEBUG] cheese - null
[2020-08-21T06:44:41.556] [DEBUG] cheese - null
[2020-08-21T06:54:02.510] [DEBUG] cheese - login => username:admin,password:123456
[2020-08-21T06:54:02.510] [DEBUG] cheese - admin
[2020-08-21T06:54:02.512] [DEBUG] cheese - null
[2020-08-21T06:54:02.512] [DEBUG] cheese - null
[2020-08-21T07:59:31.425] [DEBUG] cheese - login => username:admin,password:123456
[2020-08-21T07:59:31.426] [DEBUG] cheese - admin
[2020-08-21T07:59:31.579] [DEBUG] cheese - null
[2020-08-21T07:59:31.580] [DEBUG] cheese - null
[2020-08-21T08:01:08.043] [DEBUG] cheese - login => username:admin,password:1235745
[2020-08-21T08:01:08.043] [DEBUG] cheese - admin
[2020-08-21T08:01:08.045] [DEBUG] cheese - null
[2020-08-21T08:01:08.045] [DEBUG] cheese - null
[2020-08-21T08:01:11.504] [DEBUG] cheese - login => username:admin,password:123456
[2020-08-21T08:01:11.504] [DEBUG] cheese - admin
[2020-08-21T08:01:11.506] [DEBUG] cheese - null
[2020-08-21T08:01:11.507] [DEBUG] cheese - null
[2020-08-21T10:56:58.678] [DEBUG] cheese - login => username:admin,password:123456
[2020-08-21T10:56:58.679] [DEBUG] cheese - admin
[2020-08-21T10:56:58.803] [DEBUG] cheese - null
[2020-08-21T10:56:58.803] [DEBUG] cheese - null
[2020-08-21T13:03:03.699] [DEBUG] cheese - login => username:admin,password:123456
[2020-08-21T13:03:03.699] [DEBUG] cheese - admin
[2020-08-21T13:03:03.702] [DEBUG] cheese - null
[2020-08-21T13:03:03.702] [DEBUG] cheese - null
[2020-08-21T14:11:17.338] [DEBUG] cheese - login => username:shuai,password:980913
[2020-08-21T14:11:17.338] [DEBUG] cheese - shuai
[2020-08-21T14:11:17.340] [DEBUG] cheese - null
[2020-08-21T14:11:17.340] [DEBUG] cheese - null
[2020-08-21T14:11:21.083] [DEBUG] cheese - login => username:shuai,password:123456
[2020-08-21T14:11:21.083] [DEBUG] cheese - shuai
[2020-08-21T14:11:21.085] [DEBUG] cheese - null
[2020-08-21T14:11:21.085] [DEBUG] cheese - null
[2020-08-21T14:11:21.186] [DEBUG] cheese - login => username:shuai,password:123456
[2020-08-21T14:11:21.187] [DEBUG] cheese - shuai
[2020-08-21T14:11:21.189] [DEBUG] cheese - null
[2020-08-21T14:11:21.189] [DEBUG] cheese - null
[2020-08-21T14:11:27.853] [DEBUG] cheese - login => username:shuai,password:980913
[2020-08-21T14:11:27.854] [DEBUG] cheese - shuai
[2020-08-21T14:11:27.855] [DEBUG] cheese - null
[2020-08-21T14:11:27.855] [DEBUG] cheese - null
[2020-08-21T14:11:33.599] [DEBUG] cheese - login => username:admin,password:123456
[2020-08-21T14:11:33.599] [DEBUG] cheese - admin
[2020-08-21T14:11:33.602] [DEBUG] cheese - null
[2020-08-21T14:11:33.602] [DEBUG] cheese - null
[2020-08-21T14:11:52.472] [DEBUG] cheese - login => username:shuai,password:980913
[2020-08-21T14:11:52.473] [DEBUG] cheese - shuai
[2020-08-21T14:11:52.475] [DEBUG] cheese - null
[2020-08-21T14:11:52.475] [DEBUG] cheese - null
[2020-08-21T14:11:53.875] [DEBUG] cheese - login => username:shuai,password:980913
[2020-08-21T14:11:53.875] [DEBUG] cheese - shuai
[2020-08-21T14:11:53.878] [DEBUG] cheese - null
[2020-08-21T14:11:53.879] [DEBUG] cheese - null
[2020-08-21T14:11:56.944] [DEBUG] cheese - login => username:shuai,password:123456
[2020-08-21T14:11:56.944] [DEBUG] cheese - shuai
[2020-08-21T14:11:56.945] [DEBUG] cheese - null
[2020-08-21T14:11:56.945] [DEBUG] cheese - null
[2020-08-21T14:11:58.708] [DEBUG] cheese - login => username:shuai,password:123456
[2020-08-21T14:11:58.708] [DEBUG] cheese - shuai
[2020-08-21T14:11:58.709] [DEBUG] cheese - null
[2020-08-21T14:11:58.709] [DEBUG] cheese - null
[2020-08-21T14:12:09.734] [DEBUG] cheese - login => username:admin,password:123456
[2020-08-21T14:12:09.735] [DEBUG] cheese - admin
[2020-08-21T14:12:09.736] [DEBUG] cheese - null
[2020-08-21T14:12:09.737] [DEBUG] cheese - null
[2020-08-21T14:48:45.217] [DEBUG] cheese - login => username:admin,password:123456
[2020-08-21T14:48:45.218] [DEBUG] cheese - admin
[2020-08-21T14:48:45.331] [DEBUG] cheese - null
[2020-08-21T14:48:45.332] [DEBUG] cheese - null
[2020-08-21T15:03:26.560] [DEBUG] cheese - login => username:admin,password:123456
[2020-08-21T15:03:26.560] [DEBUG] cheese - admin
[2020-08-21T15:03:26.565] [DEBUG] cheese - null
[2020-08-21T15:03:26.565] [DEBUG] cheese - null
[2020-08-21T15:30:02.241] [DEBUG] cheese - login => username:admin,password:123456
[2020-08-21T15:30:02.241] [DEBUG] cheese - admin
[2020-08-21T15:30:02.244] [DEBUG] cheese - null
[2020-08-21T15:30:02.244] [DEBUG] cheese - null
[2020-08-21T17:53:09.275] [DEBUG] cheese - login => username:admin,password:123456
[2020-08-21T17:53:09.277] [DEBUG] cheese - admin
[2020-08-21T17:53:09.371] [DEBUG] cheese - null
[2020-08-21T17:53:09.372] [DEBUG] cheese - null
[2020-08-21T18:34:25.909] [DEBUG] cheese - login => username:admin,password:123456
[2020-08-21T18:34:25.909] [DEBUG] cheese - admin
[2020-08-21T18:34:25.914] [DEBUG] cheese - null
[2020-08-21T18:34:25.915] [DEBUG] cheese - null
[2020-08-21T20:38:58.492] [DEBUG] cheese - login => username:admin,password:1234563
[2020-08-21T20:38:58.494] [DEBUG] cheese - admin
[2020-08-21T20:38:58.808] [DEBUG] cheese - null
[2020-08-21T20:38:58.809] [DEBUG] cheese - null
[2020-08-21T20:38:59.929] [DEBUG] cheese - login => username:admin,password:123456
[2020-08-21T20:38:59.929] [DEBUG] cheese - admin
[2020-08-21T20:38:59.931] [DEBUG] cheese - null
[2020-08-21T20:38:59.932] [DEBUG] cheese - null
[2020-08-22T09:13:40.177] [DEBUG] cheese - login => username:admin,password:123456
[2020-08-22T09:13:40.178] [DEBUG] cheese - admin
[2020-08-22T09:13:40.249] [DEBUG] cheese - null
[2020-08-22T09:13:40.249] [DEBUG] cheese - null
[2020-08-22T10:16:31.309] [DEBUG] cheese - null
[2020-08-22T10:17:11.265] [DEBUG] cheese - null
[2020-08-22T10:18:33.258] [DEBUG] cheese - null
[2020-08-22T10:19:12.000] [DEBUG] cheese - null
[2020-08-22T10:20:24.648] [DEBUG] cheese - null
[2020-08-22T10:23:23.181] [DEBUG] cheese - null
[2020-08-22T10:23:31.729] [DEBUG] cheese - null
[2020-08-22T12:22:39.283] [DEBUG] cheese - null
[2020-08-22T12:23:00.094] [DEBUG] cheese - null
